[   60216ms] [WARNING] Failed to decode downloaded font: https://dev-demo-g7-product.excelacom.in/static/century-icons.woff2?t=1780467836459 @ https://dev-demo-g7-product.excelacom.in/Businessapp:0
[   60216ms] [WARNING] OTS parsing error: invalid sfntVersion: 1008821359 @ https://dev-demo-g7-product.excelacom.in/Businessapp:0
[   60216ms] [WARNING] Failed to decode downloaded font: https://dev-demo-g7-product.excelacom.in/static/century-icons.woff2?t=1780467836459 @ https://dev-demo-g7-product.excelacom.in/Businessapp:0
[   60216ms] [WARNING] OTS parsing error: invalid sfntVersion: 1008821359 @ https://dev-demo-g7-product.excelacom.in/Businessapp:0
[   60216ms] [WARNING] Failed to decode downloaded font: https://dev-demo-g7-product.excelacom.in/static/century-icons.woff2?t=1780467836459 @ https://dev-demo-g7-product.excelacom.in/Businessapp:0
[   60216ms] [WARNING] OTS parsing error: invalid sfntVersion: 1008821359 @ https://dev-demo-g7-product.excelacom.in/Businessapp:0
[   60216ms] [WARNING] Failed to decode downloaded font: https://dev-demo-g7-product.excelacom.in/static/century-icons.woff2?t=1780467836459 @ https://dev-demo-g7-product.excelacom.in/Businessapp:0
[   60216ms] [WARNING] OTS parsing error: invalid sfntVersion: 1008821359 @ https://dev-demo-g7-product.excelacom.in/Businessapp:0
[   60216ms] [WARNING] Failed to decode downloaded font: https://dev-demo-g7-product.excelacom.in/static/century-icons.woff2?t=1780467836459 @ https://dev-demo-g7-product.excelacom.in/Businessapp:0
[   60216ms] [WARNING] OTS parsing error: invalid sfntVersion: 1008821359 @ https://dev-demo-g7-product.excelacom.in/Businessapp:0
[   60216ms] [WARNING] Failed to decode downloaded font: https://dev-demo-g7-product.excelacom.in/static/century-icons.woff2?t=1780467836459 @ https://dev-demo-g7-product.excelacom.in/Businessapp:0
[   60216ms] [WARNING] OTS parsing error: invalid sfntVersion: 1008821359 @ https://dev-demo-g7-product.excelacom.in/Businessapp:0
[   60216ms] [WARNING] Failed to decode downloaded font: https://dev-demo-g7-product.excelacom.in/static/century-icons.woff2?t=1780467836459 @ https://dev-demo-g7-product.excelacom.in/Businessapp:0
[   60216ms] [WARNING] OTS parsing error: invalid sfntVersion: 1008821359 @ https://dev-demo-g7-product.excelacom.in/Businessapp:0
[   60216ms] [WARNING] Failed to decode downloaded font: https://dev-demo-g7-product.excelacom.in/static/century-icons.woff2?t=1780467836459 @ https://dev-demo-g7-product.excelacom.in/Businessapp:0
[   60216ms] [WARNING] OTS parsing error: invalid sfntVersion: 1008821359 @ https://dev-demo-g7-product.excelacom.in/Businessapp:0
[   60216ms] [WARNING] Failed to decode downloaded font: https://dev-demo-g7-product.excelacom.in/static/century-icons.woff2?t=1780467836459 @ https://dev-demo-g7-product.excelacom.in/Businessapp:0
[   60216ms] [WARNING] OTS parsing error: invalid sfntVersion: 1008821359 @ https://dev-demo-g7-product.excelacom.in/Businessapp:0
[   60274ms] [WARNING] Failed to decode downloaded font: https://dev-demo-g7-product.excelacom.in/static/century-icons.woff2?t=1780467836459 @ https://dev-demo-g7-product.excelacom.in/Businessapp:0
[   60275ms] [WARNING] OTS parsing error: invalid sfntVersion: 1008821359 @ https://dev-demo-g7-product.excelacom.in/Businessapp:0
[   60287ms] [WARNING] Failed to decode downloaded font: https://dev-demo-g7-product.excelacom.in/static/century-icons.woff2?t=1780467836459 @ https://dev-demo-g7-product.excelacom.in/Businessapp:0
[   60287ms] [WARNING] OTS parsing error: invalid sfntVersion: 1008821359 @ https://dev-demo-g7-product.excelacom.in/Businessapp:0
[   60487ms] [WARNING] Failed to decode downloaded font: https://dev-demo-g7-product.excelacom.in/static/century-icons.woff2?t=1780467836459 @ https://dev-demo-g7-product.excelacom.in/Businessapp:0
[   60488ms] [WARNING] OTS parsing error: invalid sfntVersion: 1008821359 @ https://dev-demo-g7-product.excelacom.in/Businessapp:0
[   60867ms] [WARNING] Failed to decode downloaded font: https://dev-demo-g7-product.excelacom.in/static/century-icons.woff2?t=1780467836459 @ https://dev-demo-g7-product.excelacom.in/Businessapp:0
[   60867ms] [WARNING] OTS parsing error: invalid sfntVersion: 1008821359 @ https://dev-demo-g7-product.excelacom.in/Businessapp:0
[   60909ms] [WARNING] Highcharts warning: Consider including the "accessibility.js" module to make your chart more usable for people with disabilities. Set the "accessibility.enabled" option to false to remove this warning. See https://www.highcharts.com/docs/accessibility/accessibility-module. @ https://dev-demo-g7-product.excelacom.in/static/highcharts-C4JJTXbI.js:1
[   61292ms] [WARNING] Failed to decode downloaded font: https://dev-demo-g7-product.excelacom.in/static/century-icons.woff2?t=1780467836459 @ https://dev-demo-g7-product.excelacom.in/static/highcharts-C4JJTXbI.js:1
[   61293ms] [WARNING] OTS parsing error: invalid sfntVersion: 1008821359 @ https://dev-demo-g7-product.excelacom.in/static/highcharts-C4JJTXbI.js:1
[ 6821014ms] [WARNING] Failed to decode downloaded font: https://dev-demo-g7-product.excelacom.in/static/century-icons.woff2?t=1780467836459 @ https://dev-demo-g7-product.excelacom.in/static/highcharts-C4JJTXbI.js:1
[ 6821015ms] [WARNING] OTS parsing error: invalid sfntVersion: 1008821359 @ https://dev-demo-g7-product.excelacom.in/static/highcharts-C4JJTXbI.js:1
[ 6821176ms] [WARNING] Failed to decode downloaded font: https://dev-demo-g7-product.excelacom.in/static/century-icons.woff2?t=1780467836459 @ https://dev-demo-g7-product.excelacom.in/static/index-D5HPQOdS.js:184
[ 6821176ms] [WARNING] OTS parsing error: invalid sfntVersion: 1008821359 @ https://dev-demo-g7-product.excelacom.in/static/index-D5HPQOdS.js:184
[ 6821183ms] [WARNING] Failed to decode downloaded font: https://dev-demo-g7-product.excelacom.in/static/century-icons.woff2?t=1780467836459 @ https://dev-demo-g7-product.excelacom.in/Businessapp:0
[ 6821183ms] [WARNING] OTS parsing error: invalid sfntVersion: 1008821359 @ https://dev-demo-g7-product.excelacom.in/Businessapp:0
[ 6822245ms] [WARNING] Failed to decode downloaded font: https://dev-demo-g7-product.excelacom.in/static/century-icons.woff2?t=1780467836459 @ https://dev-demo-g7-product.excelacom.in/static/highcharts-C4JJTXbI.js:1
[ 6822245ms] [WARNING] OTS parsing error: invalid sfntVersion: 1008821359 @ https://dev-demo-g7-product.excelacom.in/static/highcharts-C4JJTXbI.js:1
[ 6822342ms] [WARNING] Failed to decode downloaded font: https://dev-demo-g7-product.excelacom.in/static/century-icons.woff2?t=1780467836459 @ https://dev-demo-g7-product.excelacom.in/static/index-D5HPQOdS.js:184
[ 6822342ms] [WARNING] OTS parsing error: invalid sfntVersion: 1008821359 @ https://dev-demo-g7-product.excelacom.in/static/index-D5HPQOdS.js:184
[ 6823260ms] [WARNING] Failed to decode downloaded font: https://dev-demo-g7-product.excelacom.in/static/century-icons.woff2?t=1780467836459 @ https://dev-demo-g7-product.excelacom.in/static/highcharts-C4JJTXbI.js:1
[ 6823260ms] [WARNING] OTS parsing error: invalid sfntVersion: 1008821359 @ https://dev-demo-g7-product.excelacom.in/static/highcharts-C4JJTXbI.js:1
[ 6823374ms] [WARNING] Failed to decode downloaded font: https://dev-demo-g7-product.excelacom.in/static/century-icons.woff2?t=1780467836459 @ https://dev-demo-g7-product.excelacom.in/static/index-D5HPQOdS.js:184
[ 6823374ms] [WARNING] OTS parsing error: invalid sfntVersion: 1008821359 @ https://dev-demo-g7-product.excelacom.in/static/index-D5HPQOdS.js:184
[ 6824237ms] [WARNING] Failed to decode downloaded font: https://dev-demo-g7-product.excelacom.in/static/century-icons.woff2?t=1780467836459 @ https://dev-demo-g7-product.excelacom.in/static/highcharts-C4JJTXbI.js:1
[ 6824237ms] [WARNING] OTS parsing error: invalid sfntVersion: 1008821359 @ https://dev-demo-g7-product.excelacom.in/static/highcharts-C4JJTXbI.js:1
[ 6824301ms] [WARNING] Failed to decode downloaded font: https://dev-demo-g7-product.excelacom.in/static/century-icons.woff2?t=1780467836459 @ https://dev-demo-g7-product.excelacom.in/static/index-D5HPQOdS.js:184
[ 6824302ms] [WARNING] OTS parsing error: invalid sfntVersion: 1008821359 @ https://dev-demo-g7-product.excelacom.in/static/index-D5HPQOdS.js:184
[ 6825255ms] [WARNING] Failed to decode downloaded font: https://dev-demo-g7-product.excelacom.in/static/century-icons.woff2?t=1780467836459 @ https://dev-demo-g7-product.excelacom.in/static/highcharts-C4JJTXbI.js:1
[ 6825255ms] [WARNING] OTS parsing error: invalid sfntVersion: 1008821359 @ https://dev-demo-g7-product.excelacom.in/static/highcharts-C4JJTXbI.js:1
[ 6825309ms] [WARNING] Failed to decode downloaded font: https://dev-demo-g7-product.excelacom.in/static/century-icons.woff2?t=1780467836459 @ https://dev-demo-g7-product.excelacom.in/static/index-D5HPQOdS.js:184
[ 6825309ms] [WARNING] OTS parsing error: invalid sfntVersion: 1008821359 @ https://dev-demo-g7-product.excelacom.in/static/index-D5HPQOdS.js:184
[ 6826257ms] [WARNING] Failed to decode downloaded font: https://dev-demo-g7-product.excelacom.in/static/century-icons.woff2?t=1780467836459 @ https://dev-demo-g7-product.excelacom.in/static/highcharts-C4JJTXbI.js:1
[ 6826258ms] [WARNING] OTS parsing error: invalid sfntVersion: 1008821359 @ https://dev-demo-g7-product.excelacom.in/static/highcharts-C4JJTXbI.js:1
[ 6826361ms] [WARNING] Failed to decode downloaded font: https://dev-demo-g7-product.excelacom.in/static/century-icons.woff2?t=1780467836459 @ https://dev-demo-g7-product.excelacom.in/static/index-D5HPQOdS.js:184
[ 6826362ms] [WARNING] OTS parsing error: invalid sfntVersion: 1008821359 @ https://dev-demo-g7-product.excelacom.in/static/index-D5HPQOdS.js:184
[ 6827245ms] [WARNING] Failed to decode downloaded font: https://dev-demo-g7-product.excelacom.in/static/century-icons.woff2?t=1780467836459 @ https://dev-demo-g7-product.excelacom.in/static/highcharts-C4JJTXbI.js:1
[ 6827245ms] [WARNING] OTS parsing error: invalid sfntVersion: 1008821359 @ https://dev-demo-g7-product.excelacom.in/static/highcharts-C4JJTXbI.js:1
[ 6827336ms] [WARNING] Failed to decode downloaded font: https://dev-demo-g7-product.excelacom.in/static/century-icons.woff2?t=1780467836459 @ https://dev-demo-g7-product.excelacom.in/static/index-D5HPQOdS.js:184
[ 6827336ms] [WARNING] OTS parsing error: invalid sfntVersion: 1008821359 @ https://dev-demo-g7-product.excelacom.in/static/index-D5HPQOdS.js:184
[ 6828230ms] [WARNING] Failed to decode downloaded font: https://dev-demo-g7-product.excelacom.in/static/century-icons.woff2?t=1780467836459 @ https://dev-demo-g7-product.excelacom.in/static/highcharts-C4JJTXbI.js:1
[ 6828230ms] [WARNING] OTS parsing error: invalid sfntVersion: 1008821359 @ https://dev-demo-g7-product.excelacom.in/static/highcharts-C4JJTXbI.js:1
[ 6828315ms] [WARNING] Failed to decode downloaded font: https://dev-demo-g7-product.excelacom.in/static/century-icons.woff2?t=1780467836459 @ https://dev-demo-g7-product.excelacom.in/static/index-D5HPQOdS.js:184
[ 6828315ms] [WARNING] OTS parsing error: invalid sfntVersion: 1008821359 @ https://dev-demo-g7-product.excelacom.in/static/index-D5HPQOdS.js:184
[ 6829241ms] [WARNING] Failed to decode downloaded font: https://dev-demo-g7-product.excelacom.in/static/century-icons.woff2?t=1780467836459 @ https://dev-demo-g7-product.excelacom.in/static/highcharts-C4JJTXbI.js:1
[ 6829241ms] [WARNING] OTS parsing error: invalid sfntVersion: 1008821359 @ https://dev-demo-g7-product.excelacom.in/static/highcharts-C4JJTXbI.js:1
[ 6829327ms] [WARNING] Failed to decode downloaded font: https://dev-demo-g7-product.excelacom.in/static/century-icons.woff2?t=1780467836459 @ https://dev-demo-g7-product.excelacom.in/static/index-D5HPQOdS.js:184
[ 6829327ms] [WARNING] OTS parsing error: invalid sfntVersion: 1008821359 @ https://dev-demo-g7-product.excelacom.in/static/index-D5HPQOdS.js:184
[ 6830256ms] [WARNING] Failed to decode downloaded font: https://dev-demo-g7-product.excelacom.in/static/century-icons.woff2?t=1780467836459 @ https://dev-demo-g7-product.excelacom.in/static/highcharts-C4JJTXbI.js:1
[ 6830257ms] [WARNING] OTS parsing error: invalid sfntVersion: 1008821359 @ https://dev-demo-g7-product.excelacom.in/static/highcharts-C4JJTXbI.js:1
[ 6830313ms] [WARNING] Failed to decode downloaded font: https://dev-demo-g7-product.excelacom.in/static/century-icons.woff2?t=1780467836459 @ https://dev-demo-g7-product.excelacom.in/static/index-D5HPQOdS.js:184
[ 6830314ms] [WARNING] OTS parsing error: invalid sfntVersion: 1008821359 @ https://dev-demo-g7-product.excelacom.in/static/index-D5HPQOdS.js:184
[ 6831221ms] [WARNING] Failed to decode downloaded font: https://dev-demo-g7-product.excelacom.in/static/century-icons.woff2?t=1780467836459 @ https://dev-demo-g7-product.excelacom.in/static/highcharts-C4JJTXbI.js:1
[ 6831222ms] [WARNING] OTS parsing error: invalid sfntVersion: 1008821359 @ https://dev-demo-g7-product.excelacom.in/static/highcharts-C4JJTXbI.js:1
[ 6831312ms] [WARNING] Failed to decode downloaded font: https://dev-demo-g7-product.excelacom.in/static/century-icons.woff2?t=1780467836459 @ https://dev-demo-g7-product.excelacom.in/static/index-D5HPQOdS.js:184
[ 6831312ms] [WARNING] OTS parsing error: invalid sfntVersion: 1008821359 @ https://dev-demo-g7-product.excelacom.in/static/index-D5HPQOdS.js:184
[ 6832242ms] [WARNING] Failed to decode downloaded font: https://dev-demo-g7-product.excelacom.in/static/century-icons.woff2?t=1780467836459 @ https://dev-demo-g7-product.excelacom.in/static/highcharts-C4JJTXbI.js:1
[ 6832242ms] [WARNING] OTS parsing error: invalid sfntVersion: 1008821359 @ https://dev-demo-g7-product.excelacom.in/static/highcharts-C4JJTXbI.js:1
[ 6832304ms] [WARNING] Failed to decode downloaded font: https://dev-demo-g7-product.excelacom.in/static/century-icons.woff2?t=1780467836459 @ https://dev-demo-g7-product.excelacom.in/static/index-D5HPQOdS.js:184
[ 6832304ms] [WARNING] OTS parsing error: invalid sfntVersion: 1008821359 @ https://dev-demo-g7-product.excelacom.in/static/index-D5HPQOdS.js:184
[ 6833241ms] [WARNING] Failed to decode downloaded font: https://dev-demo-g7-product.excelacom.in/static/century-icons.woff2?t=1780467836459 @ https://dev-demo-g7-product.excelacom.in/static/highcharts-C4JJTXbI.js:1
[ 6833241ms] [WARNING] OTS parsing error: invalid sfntVersion: 1008821359 @ https://dev-demo-g7-product.excelacom.in/static/highcharts-C4JJTXbI.js:1
[ 6833318ms] [WARNING] Failed to decode downloaded font: https://dev-demo-g7-product.excelacom.in/static/century-icons.woff2?t=1780467836459 @ https://dev-demo-g7-product.excelacom.in/static/index-D5HPQOdS.js:184
[ 6833318ms] [WARNING] OTS parsing error: invalid sfntVersion: 1008821359 @ https://dev-demo-g7-product.excelacom.in/static/index-D5HPQOdS.js:184
[ 6834242ms] [WARNING] Failed to decode downloaded font: https://dev-demo-g7-product.excelacom.in/static/century-icons.woff2?t=1780467836459 @ https://dev-demo-g7-product.excelacom.in/static/highcharts-C4JJTXbI.js:1
[ 6834242ms] [WARNING] OTS parsing error: invalid sfntVersion: 1008821359 @ https://dev-demo-g7-product.excelacom.in/static/highcharts-C4JJTXbI.js:1
[ 6834345ms] [WARNING] Failed to decode downloaded font: https://dev-demo-g7-product.excelacom.in/static/century-icons.woff2?t=1780467836459 @ https://dev-demo-g7-product.excelacom.in/static/index-D5HPQOdS.js:184
[ 6834345ms] [WARNING] OTS parsing error: invalid sfntVersion: 1008821359 @ https://dev-demo-g7-product.excelacom.in/static/index-D5HPQOdS.js:184
[ 6835236ms] [WARNING] Failed to decode downloaded font: https://dev-demo-g7-product.excelacom.in/static/century-icons.woff2?t=1780467836459 @ https://dev-demo-g7-product.excelacom.in/static/highcharts-C4JJTXbI.js:1
[ 6835236ms] [WARNING] OTS parsing error: invalid sfntVersion: 1008821359 @ https://dev-demo-g7-product.excelacom.in/static/highcharts-C4JJTXbI.js:1
[ 6835296ms] [WARNING] Failed to decode downloaded font: https://dev-demo-g7-product.excelacom.in/static/century-icons.woff2?t=1780467836459 @ https://dev-demo-g7-product.excelacom.in/static/index-D5HPQOdS.js:184
[ 6835296ms] [WARNING] OTS parsing error: invalid sfntVersion: 1008821359 @ https://dev-demo-g7-product.excelacom.in/static/index-D5HPQOdS.js:184
[ 6836252ms] [WARNING] Failed to decode downloaded font: https://dev-demo-g7-product.excelacom.in/static/century-icons.woff2?t=1780467836459 @ https://dev-demo-g7-product.excelacom.in/static/highcharts-C4JJTXbI.js:1
[ 6836252ms] [WARNING] OTS parsing error: invalid sfntVersion: 1008821359 @ https://dev-demo-g7-product.excelacom.in/static/highcharts-C4JJTXbI.js:1
[ 6836314ms] [WARNING] Failed to decode downloaded font: https://dev-demo-g7-product.excelacom.in/static/century-icons.woff2?t=1780467836459 @ https://dev-demo-g7-product.excelacom.in/static/index-D5HPQOdS.js:184
[ 6836314ms] [WARNING] OTS parsing error: invalid sfntVersion: 1008821359 @ https://dev-demo-g7-product.excelacom.in/static/index-D5HPQOdS.js:184
[ 6837248ms] [WARNING] Failed to decode downloaded font: https://dev-demo-g7-product.excelacom.in/static/century-icons.woff2?t=1780467836459 @ https://dev-demo-g7-product.excelacom.in/static/highcharts-C4JJTXbI.js:1
[ 6837249ms] [WARNING] OTS parsing error: invalid sfntVersion: 1008821359 @ https://dev-demo-g7-product.excelacom.in/static/highcharts-C4JJTXbI.js:1
[ 6837327ms] [WARNING] Failed to decode downloaded font: https://dev-demo-g7-product.excelacom.in/static/century-icons.woff2?t=1780467836459 @ https://dev-demo-g7-product.excelacom.in/static/index-D5HPQOdS.js:184
[ 6837327ms] [WARNING] OTS parsing error: invalid sfntVersion: 1008821359 @ https://dev-demo-g7-product.excelacom.in/static/index-D5HPQOdS.js:184
[ 6838233ms] [WARNING] Failed to decode downloaded font: https://dev-demo-g7-product.excelacom.in/static/century-icons.woff2?t=1780467836459 @ https://dev-demo-g7-product.excelacom.in/static/highcharts-C4JJTXbI.js:1
[ 6838233ms] [WARNING] OTS parsing error: invalid sfntVersion: 1008821359 @ https://dev-demo-g7-product.excelacom.in/static/highcharts-C4JJTXbI.js:1
[ 6838327ms] [WARNING] Failed to decode downloaded font: https://dev-demo-g7-product.excelacom.in/static/century-icons.woff2?t=1780467836459 @ https://dev-demo-g7-product.excelacom.in/static/index-D5HPQOdS.js:184
[ 6838327ms] [WARNING] OTS parsing error: invalid sfntVersion: 1008821359 @ https://dev-demo-g7-product.excelacom.in/static/index-D5HPQOdS.js:184
[ 6839245ms] [WARNING] Failed to decode downloaded font: https://dev-demo-g7-product.excelacom.in/static/century-icons.woff2?t=1780467836459 @ https://dev-demo-g7-product.excelacom.in/static/highcharts-C4JJTXbI.js:1
[ 6839245ms] [WARNING] OTS parsing error: invalid sfntVersion: 1008821359 @ https://dev-demo-g7-product.excelacom.in/static/highcharts-C4JJTXbI.js:1
[ 6839351ms] [WARNING] Failed to decode downloaded font: https://dev-demo-g7-product.excelacom.in/static/century-icons.woff2?t=1780467836459 @ https://dev-demo-g7-product.excelacom.in/static/index-D5HPQOdS.js:184
[ 6839351ms] [WARNING] OTS parsing error: invalid sfntVersion: 1008821359 @ https://dev-demo-g7-product.excelacom.in/static/index-D5HPQOdS.js:184
[ 6840242ms] [WARNING] Failed to decode downloaded font: https://dev-demo-g7-product.excelacom.in/static/century-icons.woff2?t=1780467836459 @ https://dev-demo-g7-product.excelacom.in/static/highcharts-C4JJTXbI.js:1
[ 6840242ms] [WARNING] OTS parsing error: invalid sfntVersion: 1008821359 @ https://dev-demo-g7-product.excelacom.in/static/highcharts-C4JJTXbI.js:1
[ 6840298ms] [WARNING] Failed to decode downloaded font: https://dev-demo-g7-product.excelacom.in/static/century-icons.woff2?t=1780467836459 @ https://dev-demo-g7-product.excelacom.in/static/index-D5HPQOdS.js:184
[ 6840298ms] [WARNING] OTS parsing error: invalid sfntVersion: 1008821359 @ https://dev-demo-g7-product.excelacom.in/static/index-D5HPQOdS.js:184
[ 6841232ms] [WARNING] Failed to decode downloaded font: https://dev-demo-g7-product.excelacom.in/static/century-icons.woff2?t=1780467836459 @ https://dev-demo-g7-product.excelacom.in/static/highcharts-C4JJTXbI.js:1
[ 6841232ms] [WARNING] OTS parsing error: invalid sfntVersion: 1008821359 @ https://dev-demo-g7-product.excelacom.in/static/highcharts-C4JJTXbI.js:1
[ 6841293ms] [WARNING] Failed to decode downloaded font: https://dev-demo-g7-product.excelacom.in/static/century-icons.woff2?t=1780467836459 @ https://dev-demo-g7-product.excelacom.in/static/index-D5HPQOdS.js:184
[ 6841293ms] [WARNING] OTS parsing error: invalid sfntVersion: 1008821359 @ https://dev-demo-g7-product.excelacom.in/static/index-D5HPQOdS.js:184
[ 6842247ms] [WARNING] Failed to decode downloaded font: https://dev-demo-g7-product.excelacom.in/static/century-icons.woff2?t=1780467836459 @ https://dev-demo-g7-product.excelacom.in/static/highcharts-C4JJTXbI.js:1
[ 6842247ms] [WARNING] OTS parsing error: invalid sfntVersion: 1008821359 @ https://dev-demo-g7-product.excelacom.in/static/highcharts-C4JJTXbI.js:1
[ 6842336ms] [WARNING] Failed to decode downloaded font: https://dev-demo-g7-product.excelacom.in/static/century-icons.woff2?t=1780467836459 @ https://dev-demo-g7-product.excelacom.in/static/index-D5HPQOdS.js:184
[ 6842336ms] [WARNING] OTS parsing error: invalid sfntVersion: 1008821359 @ https://dev-demo-g7-product.excelacom.in/static/index-D5HPQOdS.js:184
[ 6843252ms] [WARNING] Failed to decode downloaded font: https://dev-demo-g7-product.excelacom.in/static/century-icons.woff2?t=1780467836459 @ https://dev-demo-g7-product.excelacom.in/static/highcharts-C4JJTXbI.js:1
[ 6843252ms] [WARNING] OTS parsing error: invalid sfntVersion: 1008821359 @ https://dev-demo-g7-product.excelacom.in/static/highcharts-C4JJTXbI.js:1
[ 6843325ms] [WARNING] Failed to decode downloaded font: https://dev-demo-g7-product.excelacom.in/static/century-icons.woff2?t=1780467836459 @ https://dev-demo-g7-product.excelacom.in/static/index-D5HPQOdS.js:184
[ 6843325ms] [WARNING] OTS parsing error: invalid sfntVersion: 1008821359 @ https://dev-demo-g7-product.excelacom.in/static/index-D5HPQOdS.js:184
[ 6844235ms] [WARNING] Failed to decode downloaded font: https://dev-demo-g7-product.excelacom.in/static/century-icons.woff2?t=1780467836459 @ https://dev-demo-g7-product.excelacom.in/static/highcharts-C4JJTXbI.js:1
[ 6844236ms] [WARNING] OTS parsing error: invalid sfntVersion: 1008821359 @ https://dev-demo-g7-product.excelacom.in/static/highcharts-C4JJTXbI.js:1
[ 6844284ms] [WARNING] Failed to decode downloaded font: https://dev-demo-g7-product.excelacom.in/static/century-icons.woff2?t=1780467836459 @ https://dev-demo-g7-product.excelacom.in/static/index-D5HPQOdS.js:184
[ 6844284ms] [WARNING] OTS parsing error: invalid sfntVersion: 1008821359 @ https://dev-demo-g7-product.excelacom.in/static/index-D5HPQOdS.js:184
[ 6845244ms] [WARNING] Failed to decode downloaded font: https://dev-demo-g7-product.excelacom.in/static/century-icons.woff2?t=1780467836459 @ https://dev-demo-g7-product.excelacom.in/static/highcharts-C4JJTXbI.js:1
[ 6845244ms] [WARNING] OTS parsing error: invalid sfntVersion: 1008821359 @ https://dev-demo-g7-product.excelacom.in/static/highcharts-C4JJTXbI.js:1
[ 6845319ms] [WARNING] Failed to decode downloaded font: https://dev-demo-g7-product.excelacom.in/static/century-icons.woff2?t=1780467836459 @ https://dev-demo-g7-product.excelacom.in/static/index-D5HPQOdS.js:184
[ 6845320ms] [WARNING] OTS parsing error: invalid sfntVersion: 1008821359 @ https://dev-demo-g7-product.excelacom.in/static/index-D5HPQOdS.js:184
[ 6846271ms] [WARNING] Failed to decode downloaded font: https://dev-demo-g7-product.excelacom.in/static/century-icons.woff2?t=1780467836459 @ https://dev-demo-g7-product.excelacom.in/static/highcharts-C4JJTXbI.js:1
[ 6846271ms] [WARNING] OTS parsing error: invalid sfntVersion: 1008821359 @ https://dev-demo-g7-product.excelacom.in/static/highcharts-C4JJTXbI.js:1
[ 6847948ms] [WARNING] jQuery.Deferred exception: ev is not defined ReferenceError: ev is not defined
    at HTMLDocument.<anonymous> (https://dev-demo-g7-product.excelacom.in/cas/js/cas.js:306:9)
    at e (https://dev-demo-g7-product.excelacom.in/cas/webjars/jquery/3.7.1/jquery.min.js:2:27028)
    at t (https://dev-demo-g7-product.excelacom.in/cas/webjars/jquery/3.7.1/jquery.min.js:2:27330) undefined @ https://dev-demo-g7-product.excelacom.in/cas/webjars/jquery/3.7.1/jquery.min.js:1
[ 6848058ms] ReferenceError: ev is not defined
    at HTMLDocument.<anonymous> (https://dev-demo-g7-product.excelacom.in/cas/js/cas.js:306:9)
    at e (https://dev-demo-g7-product.excelacom.in/cas/webjars/jquery/3.7.1/jquery.min.js:2:27028)
    at t (https://dev-demo-g7-product.excelacom.in/cas/webjars/jquery/3.7.1/jquery.min.js:2:27330)
